<?xml version="1.0" encoding="UTF-8"?>
<!-- Generated by org.testng.reporters.JUnitReportReporter -->
<testsuite hostname="HSPLLPTP134" failures="0" tests="1" name="HO_Master_Credential.UM_UM_User_Master_Add_Page" time="27.357" errors="0" timestamp="2024-12-16T11:38:35 IST" skipped="0">
  <testcase classname="HO_Master_Credential.UM_UM_User_Master_Add_Page" name="UM_User_Master_Add" time="27.357"/>
</testsuite> <!-- HO_Master_Credential.UM_UM_User_Master_Add_Page -->
