<?xml version="1.0" encoding="UTF-8"?>
<!-- Generated by org.testng.reporters.JUnitReportReporter -->
<testsuite hostname="HSPLLPTP134" failures="0" tests="1" name="HO_Master_Credential.UM_UM_User_Master_Page" time="14.270" errors="0" timestamp="2024-11-27T17:46:48 IST" skipped="0">
  <testcase classname="HO_Master_Credential.UM_UM_User_Master_Page" name="UM_User_Master_Page" time="14.270"/>
</testsuite> <!-- HO_Master_Credential.UM_UM_User_Master_Page -->
