<?xml version="1.0" encoding="UTF-8"?>
<!-- Generated by org.testng.reporters.JUnitReportReporter -->
<testsuite hostname="HSPLLPTP134" failures="0" tests="1" name="DB_User_Master_Test.DB_User_Master_Edit_Page_Test" time="17.880" errors="0" timestamp="2025-03-05T16:10:07 IST" skipped="0">
  <testcase classname="DB_User_Master_Test.DB_User_Master_Edit_Page_Test" name="User_Master_Edit_Button" time="17.880"/>
</testsuite> <!-- DB_User_Master_Test.DB_User_Master_Edit_Page_Test -->
