<?xml version="1.0" encoding="UTF-8"?>
<!-- Generated by org.testng.reporters.JUnitReportReporter -->
<testsuite hostname="HSPLLPTP134" failures="0" tests="1" name="HO_Master_Credential.DLRM_DLRM_Dealer_Master_View_Page" time="25.373" errors="0" timestamp="2024-12-02T12:02:35 IST" skipped="0">
  <testcase classname="HO_Master_Credential.DLRM_DLRM_Dealer_Master_View_Page" name="Dealer_Master_View_Page" time="25.373"/>
</testsuite> <!-- HO_Master_Credential.DLRM_DLRM_Dealer_Master_View_Page -->
