<?xml version="1.0" encoding="UTF-8"?>
<!-- Generated by org.testng.reporters.JUnitReportReporter -->
<testsuite hostname="HSPLLPTP134" failures="0" tests="1" name="HO_Master_Credential.UM_UM_User_Master_View_Page" time="25.806" errors="0" timestamp="2024-11-28T10:32:54 IST" skipped="0">
  <testcase classname="HO_Master_Credential.UM_UM_User_Master_View_Page" name="UM_User_Master_View" time="25.806"/>
</testsuite> <!-- HO_Master_Credential.UM_UM_User_Master_View_Page -->
