<?xml version="1.0" encoding="UTF-8"?>
<!-- Generated by org.testng.reporters.JUnitReportReporter -->
<testsuite hostname="HSPLLPTP134" failures="0" tests="1" name="DB_Loyalty_Points.Loyalty_Points_Reports_Test" time="18.080" errors="0" timestamp="2025-03-10T11:04:34 IST" skipped="0">
  <testcase classname="DB_Loyalty_Points.Loyalty_Points_Reports_Test" name="UM_User_Master_Page" time="18.080"/>
</testsuite> <!-- DB_Loyalty_Points.Loyalty_Points_Reports_Test -->
