<?xml version="1.0" encoding="UTF-8"?>
<!-- Generated by org.testng.reporters.JUnitReportReporter -->
<testsuite hostname="HSPLLPTP134" failures="0" tests="1" name="SQL.Upload" time="28.336" errors="0" timestamp="2025-01-16T11:33:30 IST" skipped="0">
  <testcase classname="SQL.Upload" name="Order_Detailes_Reports" time="28.336"/>
</testsuite> <!-- SQL.Upload -->
