<?xml version="1.0" encoding="UTF-8"?>
<!-- Generated by org.testng.reporters.JUnitReportReporter -->
<testsuite hostname="HSPLLPTP134" failures="0" tests="1" name="HO_Reports.IR_Inventory_FlashBy_Product_Report" time="34.761" errors="0" timestamp="2024-12-31T11:14:04 IST" skipped="0">
  <testcase classname="HO_Reports.IR_Inventory_FlashBy_Product_Report" name="Negative_Scenario_2" time="34.761"/>
</testsuite> <!-- HO_Reports.IR_Inventory_FlashBy_Product_Report -->
