<?xml version="1.0" encoding="UTF-8"?>
<!-- Generated by org.testng.reporters.JUnitReportReporter -->
<testsuite hostname="HSPLLPTP134" failures="0" tests="1" name="HO_Reports.OR_Active_User" time="15.267" errors="0" timestamp="2024-12-27T14:16:20 IST" skipped="0">
  <testcase classname="HO_Reports.OR_Active_User" name="Negative_Scenario1" time="15.267"/>
</testsuite> <!-- HO_Reports.OR_Active_User -->
