<?xml version="1.0" encoding="UTF-8"?>
<!-- Generated by org.testng.reporters.JUnitReportReporter -->
<testsuite hostname="HSPLLPTP134" failures="0" tests="1" name="HO_Reports.ODR_Order_Detailes_Reports" time="33.538" errors="0" timestamp="2024-12-30T18:33:57 IST" skipped="0">
  <testcase classname="HO_Reports.ODR_Order_Detailes_Reports" name="Negative_Scenario" time="33.538"/>
</testsuite> <!-- HO_Reports.ODR_Order_Detailes_Reports -->
