<?xml version="1.0" encoding="UTF-8"?>
<!-- Generated by org.testng.reporters.JUnitReportReporter -->
<testsuite hostname="HSPLLPTP134" failures="0" tests="1" name="HO_Master_Credential.DLRM_DLRM_Dealer_Master_Page" time="13.493" errors="0" timestamp="2024-12-02T11:59:55 IST" skipped="0">
  <testcase classname="HO_Master_Credential.DLRM_DLRM_Dealer_Master_Page" name="Dealer_Master_Page" time="13.493"/>
</testsuite> <!-- HO_Master_Credential.DLRM_DLRM_Dealer_Master_Page -->
