<?xml version="1.0" encoding="UTF-8"?>
<!-- Generated by org.testng.reporters.JUnitReportReporter -->
<testsuite hostname="HSPLLPTP134" failures="0" tests="1" name="HO_Reports.IR_Inventory_FlashBySales_Reports" time="15.276" errors="0" timestamp="2024-12-27T10:38:56 IST" skipped="0">
  <testcase classname="HO_Reports.IR_Inventory_FlashBySales_Reports" name="Negative_Scenario" time="15.276"/>
</testsuite> <!-- HO_Reports.IR_Inventory_FlashBySales_Reports -->
