<?xml version="1.0" encoding="UTF-8"?>
<!-- Generated by org.testng.reporters.JUnitReportReporter -->
<testsuite hostname="HSPLLPTP134" failures="0" tests="1" name="HO_Master_Credential.FSG_Master_View_Page" time="21.869" errors="0" timestamp="2024-12-02T12:38:58 IST" skipped="0">
  <testcase classname="HO_Master_Credential.FSG_Master_View_Page" name="FSG_Master_View" time="21.869"/>
</testsuite> <!-- HO_Master_Credential.FSG_Master_View_Page -->
