<?xml version="1.0" encoding="UTF-8"?>
<!-- Generated by org.testng.reporters.JUnitReportReporter -->
<testsuite hostname="HSPLLPTP134" failures="0" tests="1" name="HO_Reports.SR_Sales_Summary_Report" time="20.959" errors="0" timestamp="2024-12-12T15:27:22 IST" skipped="0">
  <testcase classname="HO_Reports.SR_Sales_Summary_Report" name="Active_User_Reports" time="20.959"/>
</testsuite> <!-- HO_Reports.SR_Sales_Summary_Report -->
