<?xml version="1.0" encoding="UTF-8"?>
<!-- Generated by org.testng.reporters.JUnitReportReporter -->
<testsuite hostname="HSPLLPTP134" failures="0" tests="1" name="HO_Master_Credential.DLRM_DLRM_Dealer_Approval" time="15.248" errors="0" timestamp="2024-12-02T11:08:40 IST" skipped="0">
  <testcase classname="HO_Master_Credential.DLRM_DLRM_Dealer_Approval" name="DLRM_Dealer_Approval" time="15.248"/>
</testsuite> <!-- HO_Master_Credential.DLRM_DLRM_Dealer_Approval -->
