<?xml version="1.0" encoding="UTF-8"?>
<!-- Generated by org.testng.reporters.JUnitReportReporter -->
<testsuite hostname="HSPLLPTP134" failures="0" tests="1" name="HO_Master_Credential.RM_RM_PJPMaster_View_Page" time="221.014" errors="0" timestamp="2024-11-27T17:46:48 IST" skipped="0">
  <testcase classname="HO_Master_Credential.RM_RM_PJPMaster_View_Page" name="RM_PJPmaster" time="221.014"/>
</testsuite> <!-- HO_Master_Credential.RM_RM_PJPMaster_View_Page -->
