<?xml version="1.0" encoding="UTF-8"?>
<!-- Generated by org.testng.reporters.JUnitReportReporter -->
<testsuite hostname="HSPLLPTP134" failures="0" tests="1" name="HO_Reports.OR_Active_Cluster_Report" time="30.696" errors="0" timestamp="2025-01-09T14:45:03 IST" skipped="0">
  <testcase classname="HO_Reports.OR_Active_Cluster_Report" name="Order_Detailes_Reports" time="30.696"/>
</testsuite> <!-- HO_Reports.OR_Active_Cluster_Report -->
