<?xml version="1.0" encoding="UTF-8"?>
<!-- Generated by org.testng.reporters.JUnitReportReporter -->
<testsuite hostname="HSPLLPTP134" failures="0" tests="1" name="HO_Reports.PR_Target_Achievement_Report" time="27.674" errors="0" timestamp="2024-12-12T10:12:35 IST" skipped="0">
  <testcase classname="HO_Reports.PR_Target_Achievement_Report" name="_Active_User_Reports" time="27.674"/>
</testsuite> <!-- HO_Reports.PR_Target_Achievement_Report -->
