<?xml version="1.0" encoding="UTF-8"?>
<!-- Generated by org.testng.reporters.JUnitReportReporter -->
<testsuite hostname="HSPLLPTP134" failures="0" tests="1" name="HO_Master_Credential.DLRM_DLRM_Dealer_Approval_1st" time="17.622" errors="0" timestamp="2024-12-02T10:46:36 IST" skipped="0">
  <testcase classname="HO_Master_Credential.DLRM_DLRM_Dealer_Approval_1st" name="Dealer_Approval_1st_View_Page" time="17.622"/>
</testsuite> <!-- HO_Master_Credential.DLRM_DLRM_Dealer_Approval_1st -->
