<?xml version="1.0" encoding="UTF-8"?>
<!-- Generated by org.testng.reporters.JUnitReportReporter -->
<<<<<<< HEAD
<testsuite hostname="DESKTOP-TNSQJH1" failures="0" tests="1" name="Com.Login_Test.LoginPage_Test" time="11.490" errors="0" timestamp="2025-04-14T01:38:38 IST" skipped="0">
  <testcase classname="Com.Login_Test.LoginPage_Test" name="LoginRSA" time="11.490"/>
=======
<testsuite hostname="DESKTOP-TNSQJH1" failures="0" tests="1" name="Com.Login_Test.LoginPage_Test" time="18.208" errors="0" timestamp="2025-04-22T22:13:51 IST" skipped="0">
  <testcase classname="Com.Login_Test.LoginPage_Test" name="LoginRSA" time="18.208"/>
>>>>>>> 5197290 (Initial commit: Added Rahul Shetty Jenkins run project)
  <system-out/>
</testsuite> <!-- Com.Login_Test.LoginPage_Test -->
