<?xml version="1.0" encoding="UTF-8"?>
<!-- Generated by org.testng.reporters.JUnitReportReporter -->
<testsuite hostname="HSPLLPTP134" failures="0" tests="3" name="HO_Reports.ODR_Order_Summary_Report" time="77.258" errors="0" timestamp="2024-12-30T12:26:38 IST" skipped="0">
  <testcase classname="HO_Reports.ODR_Order_Summary_Report" name="Order_Detailes_Reports" time="43.920"/>
  <testcase classname="HO_Reports.ODR_Order_Summary_Report" name="Negative_Scenario1" time="16.839"/>
  <testcase classname="HO_Reports.ODR_Order_Summary_Report" name="Negative_Scenario2" time="16.499"/>
</testsuite> <!-- HO_Reports.ODR_Order_Summary_Report -->
