<?xml version="1.0" encoding="UTF-8"?>
<!-- Generated by org.testng.reporters.JUnitReportReporter -->
<testsuite hostname="HSPLLPTP134" failures="0" tests="1" name="HO_Reports.PR_PJP_Productivity_Report" time="18.002" errors="0" timestamp="2024-12-30T12:17:50 IST" skipped="0">
  <testcase classname="HO_Reports.PR_PJP_Productivity_Report" name="Negative_Scenario1" time="18.002"/>
</testsuite> <!-- HO_Reports.PR_PJP_Productivity_Report -->
