<?xml version="1.0" encoding="UTF-8"?>
<!-- Generated by org.testng.reporters.JUnitReportReporter -->
<testsuite hostname="DESKTOP-TNSQJH1" failures="0" tests="1" name="Com.Login_Test.Login_Register_Test" time="26.388" errors="0" timestamp="2025-05-05T20:41:57 IST" skipped="0">
  <testcase classname="Com.Login_Test.Login_Register_Test" name="Register_Page" time="26.388"/>
  <system-out/>
</testsuite> <!-- Com.Login_Test.Login_Register_Test -->
