<?xml version="1.0" encoding="UTF-8"?>
<!-- Generated by org.testng.reporters.JUnitReportReporter -->
<testsuite hostname="HSPLLPTP134" failures="0" tests="1" name="HO_Scheme_Credential.Scheme_Approval_HomePage" time="20.348" errors="0" timestamp="2024-12-24T14:05:10 IST" skipped="0">
  <testcase classname="HO_Scheme_Credential.Scheme_Approval_HomePage" name="Scheme_Master_Enter_MandetoryField" time="20.348"/>
</testsuite> <!-- HO_Scheme_Credential.Scheme_Approval_HomePage -->
