<?xml version="1.0" encoding="UTF-8"?>
<!-- Generated by org.testng.reporters.JUnitReportReporter -->
<testsuite hostname="HSPLLPTP134" failures="0" tests="1" name="HO_Master_Credential.PM_PM_HSN_Master" time="9.966" errors="0" timestamp="2024-11-27T17:46:48 IST" skipped="0">
  <testcase classname="HO_Master_Credential.PM_PM_HSN_Master" name="PM_HSN_MASTER" time="9.966"/>
</testsuite> <!-- HO_Master_Credential.PM_PM_HSN_Master -->
