<?xml version="1.0" encoding="UTF-8"?>
<!-- Generated by org.testng.reporters.JUnitReportReporter -->
<testsuite hostname="HSPLLPTP134" failures="0" tests="1" name="HO_Scheme_Credential.SM_Scheme_AddPage" time="78.481" errors="0" timestamp="2024-12-19T15:14:42 IST" skipped="0">
  <testcase classname="HO_Scheme_Credential.SM_Scheme_AddPage" name="Scheme_Master_Enter_MandetoryField" time="78.481"/>
</testsuite> <!-- HO_Scheme_Credential.SM_Scheme_AddPage -->
