<?xml version="1.0" encoding="UTF-8"?>
<!-- Generated by org.testng.reporters.JUnitReportReporter -->
<testsuite hostname="HSPLLPTP134" failures="0" tests="1" name="HO_Reports.SR_Product_Sales_Report" time="29.494" errors="0" timestamp="2024-12-12T15:27:22 IST" skipped="0">
  <testcase classname="HO_Reports.SR_Product_Sales_Report" name="Active_User_Reports" time="29.494"/>
</testsuite> <!-- HO_Reports.SR_Product_Sales_Report -->
