<?xml version="1.0" encoding="UTF-8"?>
<!-- Generated by org.testng.reporters.JUnitReportReporter -->
<testsuite hostname="HSPLLPTP134" failures="0" tests="1" name="Com_Utility.BaseClass" time="21.415" errors="0" timestamp="2025-03-18T18:50:41 IST" skipped="0">
  <testcase classname="Com_Utility.BaseClass" name="openbrowser" time="21.415"/>
</testsuite> <!-- Com_Utility.BaseClass -->
