<?xml version="1.0" encoding="UTF-8"?>
<!-- Generated by org.testng.reporters.JUnitReportReporter -->
<testsuite hostname="HSPLLPTP134" failures="0" tests="1" name="HO_Master_Credential.DistM_ADD_SFADistributor" time="137.264" errors="0" timestamp="2024-12-23T11:44:26 IST" skipped="0">
  <testcase classname="HO_Master_Credential.DistM_ADD_SFADistributor" name="Upload_media" time="137.264"/>
</testsuite> <!-- HO_Master_Credential.DistM_ADD_SFADistributor -->
