<?xml version="1.0" encoding="UTF-8"?>
<!-- Generated by org.testng.reporters.JUnitReportReporter -->
<testsuite hostname="HSPLLPTP134" failures="0" tests="1" name="HO_Reports.RR_Redemption_Ledger_Report" time="33.239" errors="0" timestamp="2024-12-12T11:01:01 IST" skipped="0">
  <testcase classname="HO_Reports.RR_Redemption_Ledger_Report" name="_Active_User_Reports" time="33.239"/>
</testsuite> <!-- HO_Reports.RR_Redemption_Ledger_Report -->
