<?xml version="1.0" encoding="UTF-8"?>
<!-- Generated by org.testng.reporters.JUnitReportReporter -->
<testsuite hostname="HSPLLPTP134" failures="0" tests="1" name="Com_Utility.BaseClass_For_LoginTest" time="4.209" errors="0" timestamp="2025-03-18T18:23:39 IST" skipped="0">
  <testcase classname="Com_Utility.BaseClass_For_LoginTest" name="openbrowser" time="4.209"/>
</testsuite> <!-- Com_Utility.BaseClass_For_LoginTest -->
