<?xml version="1.0" encoding="UTF-8"?>
<!-- Generated by org.testng.reporters.JUnitReportReporter -->
<testsuite hostname="HSPLLPTP134" failures="0" tests="1" name="HO_Master_Credential.FSG_Master" time="14.519" errors="0" timestamp="2024-12-02T12:38:58 IST" skipped="0">
  <testcase classname="HO_Master_Credential.FSG_Master" name="FSG_Master_Method" time="14.519"/>
</testsuite> <!-- HO_Master_Credential.FSG_Master -->
