<?xml version="1.0" encoding="UTF-8"?>
<!-- Generated by org.testng.reporters.JUnitReportReporter -->
<testsuite hostname="HSPLLPTP134" failures="0" tests="1" name="HO_Master_Credential.AccM_ApplicatiorMaster" time="18.558" errors="0" timestamp="2024-12-16T10:17:34 IST" skipped="0">
  <testcase classname="HO_Master_Credential.AccM_ApplicatiorMaster" name="Applicator_Master" time="18.558"/>
</testsuite> <!-- HO_Master_Credential.AccM_ApplicatiorMaster -->
