<?xml version="1.0" encoding="UTF-8"?>
<!-- Generated by org.testng.reporters.JUnitReportReporter -->
<testsuite hostname="DESKTOP-TNSQJH1" failures="0" tests="1" name="Com.Login_Test.Login_Register_Test" time="20.142" errors="0" timestamp="2025-04-23T00:34:37 IST" skipped="0">
  <testcase classname="Com.Login_Test.Login_Register_Test" name="Register_Page" time="20.142"/>
  <system-out/>
</testsuite> <!-- Com.Login_Test.Login_Register_Test -->
