<?xml version="1.0" encoding="UTF-8"?>
<!-- Generated by org.testng.reporters.JUnitReportReporter -->
<testsuite hostname="HSPLLPTP134" failures="0" tests="1" name="HO_LoginPage.Login_Credential" time="14.295" errors="0" timestamp="2025-03-18T17:37:45 IST" skipped="0">
  <testcase classname="HO_LoginPage.Login_Credential" name="testLoginWithSecondConfigUser" time="14.295"/>
</testsuite> <!-- HO_LoginPage.Login_Credential -->
