<?xml version="1.0" encoding="UTF-8"?>
<!-- Generated by org.testng.reporters.JUnitReportReporter -->
<testsuite hostname="HSPLLPTP134" failures="0" tests="1" name="HO_Login_Testing.Wrong_Password" time="8.135" errors="0" timestamp="2024-12-17T17:50:16 IST" skipped="0">
  <testcase classname="HO_Login_Testing.Wrong_Password" name="testloginpage" time="8.135"/>
</testsuite> <!-- HO_Login_Testing.Wrong_Password -->
