<?xml version="1.0" encoding="UTF-8"?>
<!-- Generated by org.testng.reporters.JUnitReportReporter -->
<testsuite hostname="HSPLLPTP134" failures="0" tests="1" name="HO_Reports.IR_Inventory_TrendByProduct_Report" time="21.543" errors="0" timestamp="2024-12-31T11:25:22 IST" skipped="0">
  <testcase classname="HO_Reports.IR_Inventory_TrendByProduct_Report" name="Negative_Scenario_2" time="21.543"/>
</testsuite> <!-- HO_Reports.IR_Inventory_TrendByProduct_Report -->
