<?xml version="1.0" encoding="UTF-8"?>
<!-- Generated by org.testng.reporters.JUnitReportReporter -->
<testsuite hostname="HSPLLPTP134" failures="0" tests="1" name="HO_Reports.Scheme_Report_Scheme_Details_Report" time="23.593" errors="0" timestamp="2024-12-12T15:49:48 IST" skipped="0">
  <testcase classname="HO_Reports.Scheme_Report_Scheme_Details_Report" name="Special_Product_Sales_Report" time="23.593"/>
</testsuite> <!-- HO_Reports.Scheme_Report_Scheme_Details_Report -->
