<?xml version="1.0" encoding="UTF-8"?>
<!-- Generated by org.testng.reporters.JUnitReportReporter -->
<testsuite hostname="HSPLLPTP134" failures="0" tests="1" name="DB_User_Master_Test.DB_User_Master_Add_Page" time="34.070" errors="0" timestamp="2025-03-05T14:35:06 IST" skipped="0">
  <testcase classname="DB_User_Master_Test.DB_User_Master_Add_Page" name="UM_User_Master_Add" time="34.070"/>
</testsuite> <!-- DB_User_Master_Test.DB_User_Master_Add_Page -->
