<?xml version="1.0" encoding="UTF-8"?>
<!-- Generated by org.testng.reporters.JUnitReportReporter -->
<testsuite hostname="HSPLLPTP134" failures="0" tests="1" name="HO_Settings.Test_Cluster_Creation" time="24.289" errors="0" timestamp="2024-12-19T10:58:24 IST" skipped="0">
  <testcase classname="HO_Settings.Test_Cluster_Creation" name="Role_Wise_Access" time="24.289"/>
</testsuite> <!-- HO_Settings.Test_Cluster_Creation -->
