<?xml version="1.0" encoding="UTF-8"?>
<!-- Generated by org.testng.reporters.JUnitReportReporter -->
<testsuite hostname="HSPLLPTP134" failures="0" tests="1" name="HO_Reports.IR_Geographical_Hierarchy_Report" time="18.606" errors="0" timestamp="2024-12-31T14:24:11 IST" skipped="0">
  <testcase classname="HO_Reports.IR_Geographical_Hierarchy_Report" name="Negative_Scenario_2" time="18.606"/>
</testsuite> <!-- HO_Reports.IR_Geographical_Hierarchy_Report -->
