<?xml version="1.0" encoding="UTF-8"?>
<!-- Generated by org.testng.reporters.JUnitReportReporter -->
<testsuite hostname="HSPLLPTP134" failures="0" tests="1" name="HO_Settings.Test_Permission_Wise_Access" time="18.526" errors="0" timestamp="2024-12-11T17:11:16 IST" skipped="0">
  <testcase classname="HO_Settings.Test_Permission_Wise_Access" name="Permission_Wise_Access" time="18.526"/>
</testsuite> <!-- HO_Settings.Test_Permission_Wise_Access -->
