<?xml version="1.0" encoding="UTF-8"?>
<!-- Generated by org.testng.reporters.JUnitReportReporter -->
<testsuite hostname="HSPLLPTP134" failures="0" tests="1" name="HO_Master_Credential.AccM_DeveloperMasterViewPage" time="29.882" errors="0" timestamp="2024-12-13T16:56:37 IST" skipped="0">
  <testcase classname="HO_Master_Credential.AccM_DeveloperMasterViewPage" name="Contractor_MasterHomepage" time="29.882"/>
</testsuite> <!-- HO_Master_Credential.AccM_DeveloperMasterViewPage -->
