<?xml version="1.0" encoding="UTF-8"?>
<!-- Generated by org.testng.reporters.JUnitReportReporter -->
<testsuite hostname="HSPLLPTP134" failures="0" tests="1" name="HO_Reports.SR_Special_Product_Sales_Report" time="33.531" errors="0" timestamp="2024-12-12T15:35:51 IST" skipped="0">
  <testcase classname="HO_Reports.SR_Special_Product_Sales_Report" name="Special_Product_Sales_Report" time="33.531"/>
</testsuite> <!-- HO_Reports.SR_Special_Product_Sales_Report -->
