<?xml version="1.0" encoding="UTF-8"?>
<!-- Generated by org.testng.reporters.JUnitReportReporter -->
<testsuite hostname="HSPLLPTP134" failures="0" tests="1" name="HO_Master_Credential.AccM_DeveloperMaster" time="17.197" errors="0" timestamp="2024-12-13T16:53:12 IST" skipped="0">
  <testcase classname="HO_Master_Credential.AccM_DeveloperMaster" name="Contractor_MasterHomepage" time="17.197"/>
</testsuite> <!-- HO_Master_Credential.AccM_DeveloperMaster -->
