<?xml version="1.0" encoding="UTF-8"?>
<!-- Generated by org.testng.reporters.JUnitReportReporter -->
<testsuite hostname="HSPLLPTP134" failures="0" tests="1" name="HO_Settings.Test_Role_Wise_Access" time="19.436" errors="0" timestamp="2024-12-11T17:25:44 IST" skipped="0">
  <testcase classname="HO_Settings.Test_Role_Wise_Access" name="Role_Wise_Access" time="19.436"/>
</testsuite> <!-- HO_Settings.Test_Role_Wise_Access -->
